2024-02-28 23:31:04,054 - INFO - Bot: localmatch [@localmatch_bot]
2024-02-28 23:31:04,161 - WARNING - Updates were skipped successfully.
2024-02-28 23:31:04,161 - INFO - Start polling.
2024-02-28 23:31:06,241 - INFO - Stop polling...
2024-02-28 23:31:06,241 - WARNING - Goodbye!
2024-02-28 23:31:12,820 - INFO - Bot: localmatch [@localmatch_bot]
2024-02-28 23:31:12,925 - WARNING - Updates were skipped successfully.
2024-02-28 23:31:12,925 - INFO - Start polling.
2024-02-28 23:32:20,696 - INFO - Stop polling...
2024-02-28 23:32:20,696 - WARNING - Goodbye!
2024-02-28 23:33:14,688 - INFO - Bot: localmatch [@localmatch_bot]
2024-02-28 23:33:14,790 - WARNING - Updates were skipped successfully.
2024-02-28 23:33:14,791 - INFO - Start polling.
2024-02-28 23:33:59,312 - INFO - Stop polling...
2024-02-28 23:33:59,312 - WARNING - Goodbye!
2024-02-28 23:35:05,666 - INFO - Bot: localmatch [@localmatch_bot]
2024-02-28 23:35:05,806 - WARNING - Updates were skipped successfully.
2024-02-28 23:35:05,806 - INFO - Start polling.
2024-02-28 23:35:46,755 - INFO - Stop polling...
2024-02-28 23:35:46,755 - WARNING - Goodbye!
2024-02-28 23:38:40,061 - INFO - Bot: localmatch [@localmatch_bot]
2024-02-28 23:38:40,159 - WARNING - Updates were skipped successfully.
2024-02-28 23:38:40,160 - INFO - Start polling.
2024-02-28 23:39:48,780 - INFO - Stop polling...
2024-02-28 23:39:48,780 - WARNING - Goodbye!
2024-02-28 23:41:10,661 - INFO - Bot: localmatch [@localmatch_bot]
2024-02-28 23:41:10,761 - WARNING - Updates were skipped successfully.
2024-02-28 23:41:10,762 - INFO - Start polling.
2024-02-28 23:42:01,834 - INFO - Stop polling...
2024-02-28 23:42:01,835 - WARNING - Goodbye!
2024-02-28 23:43:46,093 - INFO - Bot: localmatch [@localmatch_bot]
2024-02-28 23:43:46,219 - WARNING - Updates were skipped successfully.
2024-02-28 23:43:46,219 - INFO - Start polling.
2024-02-28 23:45:22,254 - INFO - Stop polling...
2024-02-28 23:45:22,255 - WARNING - Goodbye!
2024-02-28 23:45:23,192 - INFO - Bot: localmatch [@localmatch_bot]
2024-02-28 23:45:23,317 - WARNING - Updates were skipped successfully.
2024-02-28 23:45:23,317 - INFO - Start polling.
2024-02-28 23:45:24,805 - INFO - Stop polling...
2024-02-28 23:45:24,806 - WARNING - Goodbye!
2024-02-28 23:45:31,587 - INFO - Bot: localmatch [@localmatch_bot]
2024-02-28 23:45:31,693 - WARNING - Updates were skipped successfully.
2024-02-28 23:45:31,694 - INFO - Start polling.
2024-02-28 23:46:57,879 - INFO - Stop polling...
2024-02-28 23:46:57,879 - WARNING - Goodbye!
2024-03-09 23:14:48,433 - INFO - Bot: localmatch [@localmatch_bot]
2024-03-09 23:14:48,555 - WARNING - Updates were skipped successfully.
2024-03-09 23:14:48,555 - INFO - Start polling.
2024-03-09 23:17:52,254 - INFO - Stop polling...
2024-03-09 23:17:52,254 - WARNING - Goodbye!
2024-03-09 23:21:27,970 - INFO - Bot: localmatch [@localmatch_bot]
2024-03-09 23:21:28,068 - WARNING - Updates were skipped successfully.
2024-03-09 23:21:28,068 - INFO - Start polling.
2024-03-09 23:22:16,896 - INFO - Stop polling...
2024-03-09 23:22:16,896 - WARNING - Goodbye!
2024-03-09 23:25:44,821 - INFO - Bot: localmatch [@localmatch_bot]
2024-03-09 23:25:44,921 - WARNING - Updates were skipped successfully.
2024-03-09 23:25:44,921 - INFO - Start polling.
2024-03-09 23:25:50,302 - WARNING - module 'languages.texts_en' has no attribute 'readed'
2024-03-09 23:25:53,086 - WARNING - module 'languages.texts_en' has no attribute 'readed'
2024-03-09 23:26:14,875 - INFO - Stop polling...
2024-03-09 23:26:14,875 - WARNING - Goodbye!
2024-03-09 23:27:19,440 - INFO - Bot: localmatch [@localmatch_bot]
2024-03-09 23:27:19,542 - WARNING - Updates were skipped successfully.
2024-03-09 23:27:19,542 - INFO - Start polling.
2024-03-09 23:27:25,886 - INFO - Stop polling...
2024-03-09 23:27:25,886 - WARNING - Goodbye!
2024-03-09 23:27:55,557 - INFO - Bot: localmatch [@localmatch_bot]
2024-03-09 23:27:55,659 - WARNING - Updates were skipped successfully.
2024-03-09 23:27:55,659 - INFO - Start polling.
2024-03-09 23:28:03,851 - WARNING - module 'languages.texts_en' has no attribute 'welcome_1'
2024-03-09 23:28:18,416 - INFO - Stop polling...
2024-03-09 23:28:18,416 - WARNING - Goodbye!
2024-03-09 23:29:02,091 - INFO - Bot: localmatch [@localmatch_bot]
2024-03-09 23:29:02,189 - WARNING - Updates were skipped successfully.
2024-03-09 23:29:02,189 - INFO - Start polling.
2024-03-09 23:29:54,849 - INFO - Stop polling...
2024-03-09 23:29:54,850 - WARNING - Goodbye!
2024-03-10 00:02:22,078 - INFO - Bot: localmatch [@localmatch_bot]
2024-03-10 00:02:22,188 - WARNING - Updates were skipped successfully.
2024-03-10 00:02:22,188 - INFO - Start polling.
2024-03-10 00:03:14,593 - INFO - Stop polling...
2024-03-10 00:03:14,593 - WARNING - Goodbye!
